d:\hope university\second year\csc core\oosd\coursework\loginuserform\loginuserform\x64\debug\vc143.pdb
d:\hope university\second year\csc core\oosd\coursework\loginuserform\loginuserform\x64\debug\.netframework,version=v4.7.2.assemblyattributes.obj
d:\hope university\second year\csc core\oosd\coursework\loginuserform\loginuserform\x64\debug\program.obj
d:\hope university\second year\csc core\oosd\coursework\loginuserform\loginuserform\x64\debug\myform.obj
d:\hope university\second year\csc core\oosd\coursework\loginuserform\loginuserform\x64\debug\adduserform.obj
d:\hope university\second year\csc core\oosd\coursework\loginuserform\loginuserform\x64\debug\recprogram.obj
d:\hope university\second year\csc core\oosd\coursework\loginuserform\loginuserform\x64\debug\recpass.obj
d:\hope university\second year\csc core\oosd\coursework\loginuserform\x64\debug\loginuserform.exe
d:\hope university\second year\csc core\oosd\coursework\loginuserform\x64\debug\loginuserform.pdb
d:\hope university\second year\csc core\oosd\coursework\loginuserform\loginuserform\x64\debug\loginuserform.myform.resources
d:\hope university\second year\csc core\oosd\coursework\loginuserform\loginuserform\x64\debug\loginuserform.adduserform.resources
d:\hope university\second year\csc core\oosd\coursework\loginuserform\loginuserform\x64\debug\loginuserform.recpass.resources
d:\hope university\second year\csc core\oosd\coursework\loginuserform\loginuserform\x64\debug\loginuserform.newpassform.resources
d:\hope university\second year\csc core\oosd\coursework\loginuserform\loginuserform\x64\debug\loginuserform.tlog\cl.command.1.tlog
d:\hope university\second year\csc core\oosd\coursework\loginuserform\loginuserform\x64\debug\loginuserform.tlog\cl.read.1.tlog
d:\hope university\second year\csc core\oosd\coursework\loginuserform\loginuserform\x64\debug\loginuserform.tlog\cl.write.1.tlog
d:\hope university\second year\csc core\oosd\coursework\loginuserform\loginuserform\x64\debug\loginuserform.tlog\link.command.1.tlog
d:\hope university\second year\csc core\oosd\coursework\loginuserform\loginuserform\x64\debug\loginuserform.tlog\link.read.1.tlog
d:\hope university\second year\csc core\oosd\coursework\loginuserform\loginuserform\x64\debug\loginuserform.tlog\link.write.1.tlog
d:\hope university\second year\csc core\oosd\coursework\loginuserform\loginuserform\x64\debug\loginuserform.tlog\loginuserform.write.1u.tlog
d:\hope university\second year\csc core\oosd\coursework\loginuserform\loginuserform\x64\debug\loginuserform.tlog\metagen.read.1.tlog
d:\hope university\second year\csc core\oosd\coursework\loginuserform\loginuserform\x64\debug\loginuserform.tlog\metagen.write.1.tlog
